Start testing: Jun 26 05:36 CDT
----------------------------------------------------------
1/1 Testing: OrderBookTests
1/1 Test: OrderBookTests
Command: "/home/koki/projects/matching-engine/build/tests"
Directory: /home/koki/projects/matching-engine/build
"OrderBookTests" start time: Jun 26 05:36 CDT
Output:
----------------------------------------------------------
Running main() from /home/koki/projects/matching-engine/external/googletest/googletest/src/gtest_main.cc
[==========] Running 11 tests from 4 test suites.
[----------] Global test environment set-up.
[----------] 1 test from MatchingEnineTest
[ RUN      ] MatchingEnineTest.BuyOrderStoredIfUnmached

New Order - ID: 1, Side: BUY, Type: LIMIT, Qty: 5, Price: $100
  ---> Remaining Qty 5 added to buy order book.
--------------------------------------------------------
[       OK ] MatchingEnineTest.BuyOrderStoredIfUnmached (0 ms)
[----------] 1 test from MatchingEnineTest (0 ms total)

[----------] 7 tests from MatchingEngineTest
[ RUN      ] MatchingEngineTest.SellOrderMatchesBuy

New Order - ID: 1, Side: BUY, Type: LIMIT, Qty: 5, Price: $101
  ---> Remaining Qty 5 added to buy order book.
--------------------------------------------------------

New Order - ID: 2, Side: SELL, Type: LIMIT, Qty: 5, Price: $100
TRADE: BuyID 1, SellID 2, Qty: 5, Price: $101
--------------------------------------------------------
[       OK ] MatchingEngineTest.SellOrderMatchesBuy (0 ms)
[ RUN      ] MatchingEngineTest.PartialFillStoresRemaining

New Order - ID: 1, Side: SELL, Type: LIMIT, Qty: 10, Price: $100
  ---> Remaining Qty 10 added to sell order book.
--------------------------------------------------------

New Order - ID: 2, Side: BUY, Type: LIMIT, Qty: 6, Price: $100
TRADE: BuyID 2, SellID 1, Qty: 6, Price: $100
--------------------------------------------------------
[       OK ] MatchingEngineTest.PartialFillStoresRemaining (0 ms)
[ RUN      ] MatchingEngineTest.MarketOrderBuyFill

New Order - ID: 1, Side: SELL, Type: LIMIT, Qty: 10, Price: $100
  ---> Remaining Qty 10 added to sell order book.
--------------------------------------------------------

New Order - ID: 2, Side: BUY, Type: MARKET, Qty: 6, Price: $90
TRADE: BuyID 2, SellID 1, Qty: 6, Price: $100
--------------------------------------------------------
[       OK ] MatchingEngineTest.MarketOrderBuyFill (0 ms)
[ RUN      ] MatchingEngineTest.MarketOrderSellFill

New Order - ID: 1, Side: BUY, Type: LIMIT, Qty: 10, Price: $90
  ---> Remaining Qty 10 added to buy order book.
--------------------------------------------------------

New Order - ID: 2, Side: SELL, Type: MARKET, Qty: 6, Price: $100
TRADE: BuyID 1, SellID 2, Qty: 6, Price: $90
--------------------------------------------------------
[       OK ] MatchingEngineTest.MarketOrderSellFill (0 ms)
[ RUN      ] MatchingEngineTest.MarketOrderBetterPriceForBuy

New Order - ID: 1, Side: SELL, Type: LIMIT, Qty: 10, Price: $100
  ---> Remaining Qty 10 added to sell order book.
--------------------------------------------------------

New Order - ID: 2, Side: BUY, Type: MARKET, Qty: 6, Price: $101
TRADE: BuyID 2, SellID 1, Qty: 6, Price: $100
--------------------------------------------------------
[       OK ] MatchingEngineTest.MarketOrderBetterPriceForBuy (0 ms)
[ RUN      ] MatchingEngineTest.MarketOrderNotMatched

New Order - ID: 1, Side: SELL, Type: LIMIT, Qty: 10, Price: $100
  ---> Remaining Qty 10 added to sell order book.
--------------------------------------------------------

New Order - ID: 2, Side: SELL, Type: MARKET, Qty: 6, Price: $100
--------------------------------------------------------
[       OK ] MatchingEngineTest.MarketOrderNotMatched (0 ms)
[ RUN      ] MatchingEngineTest.MarketOrderMultipleOrders

New Order - ID: 1, Side: SELL, Type: LIMIT, Qty: 10, Price: $100
  ---> Remaining Qty 10 added to sell order book.
--------------------------------------------------------

New Order - ID: 2, Side: BUY, Type: MARKET, Qty: 6, Price: $90
TRADE: BuyID 2, SellID 1, Qty: 6, Price: $100
--------------------------------------------------------

New Order - ID: 3, Side: BUY, Type: MARKET, Qty: 4, Price: $95
TRADE: BuyID 3, SellID 1, Qty: 4, Price: $100
--------------------------------------------------------
[       OK ] MatchingEngineTest.MarketOrderMultipleOrders (0 ms)
[----------] 7 tests from MatchingEngineTest (0 ms total)

[----------] 2 tests from OrderBookTest
[ RUN      ] OrderBookTest.MatchBuyOrderPartialFill
[       OK ] OrderBookTest.MatchBuyOrderPartialFill (0 ms)
[ RUN      ] OrderBookTest.MatchBuyOrderFullFill
[       OK ] OrderBookTest.MatchBuyOrderFullFill (0 ms)
[----------] 2 tests from OrderBookTest (0 ms total)

[----------] 1 test from OrderBOokTest
[ RUN      ] OrderBOokTest.NoMatchOrderStored
[       OK ] OrderBOokTest.NoMatchOrderStored (0 ms)
[----------] 1 test from OrderBOokTest (0 ms total)

[----------] Global test environment tear-down
[==========] 11 tests from 4 test suites ran. (1 ms total)
[  PASSED  ] 11 tests.
<end of output>
Test time =   0.01 sec
----------------------------------------------------------
Test Passed.
"OrderBookTests" end time: Jun 26 05:36 CDT
"OrderBookTests" time elapsed: 00:00:00
----------------------------------------------------------

End testing: Jun 26 05:36 CDT
